Total connections: 0
Average duration: 0ns
Shortest duration: 18446744073709551615s
Longest duration: 0ns
Total connections: 50
Average duration: 27.802114ms
Shortest duration: 23.847292ms
Longest duration: 33.896375ms
Total connections: 100
Average duration: 28.331689ms
Shortest duration: 23.751042ms
Longest duration: 33.301209ms
Total connections: 150
Average duration: 29.228179ms
Shortest duration: 23.980875ms
Longest duration: 35.0035ms
Total connections: 200
Average duration: 29.778273ms
Shortest duration: 24.274583ms
Longest duration: 37.393833ms
Total connections: 250
Average duration: 30.559848ms
Shortest duration: 23.661666ms
Longest duration: 162.516666ms
Total connections: 300
Average duration: 37.002009ms
Shortest duration: 24.239625ms
Longest duration: 88.417167ms
Total connections: 350
Average duration: 32.815307ms
Shortest duration: 24.734875ms
Longest duration: 192.697708ms
Total connections: 400
Average duration: 33.668516ms
Shortest duration: 24.483625ms
Longest duration: 47.702667ms
Total connections: 450
Average duration: 36.154946ms
Shortest duration: 24.827792ms
Longest duration: 212.515625ms
Total connections: 500
Average duration: 33.90106ms
Shortest duration: 24.769875ms
Longest duration: 43.494167ms
Total connections: 550
Average duration: 34.452431ms
Shortest duration: 24.962417ms
Longest duration: 45.8995ms
Total connections: 600
Average duration: 36.853886ms
Shortest duration: 25.779208ms
Longest duration: 48.112583ms
Total connections: 650
Average duration: 40.470478ms
Shortest duration: 27.17975ms
Longest duration: 56.982333ms
Total connections: 700
Average duration: 43.013351ms
Shortest duration: 29.894333ms
Longest duration: 58.739208ms
Total connections: 750
Average duration: 44.972129ms
Shortest duration: 28.815167ms
Longest duration: 198.277208ms
Total connections: 800
Average duration: 46.504778ms
Shortest duration: 26.704458ms
Longest duration: 67.935625ms
Total connections: 850
Average duration: 45.277706ms
Shortest duration: 27.594375ms
Longest duration: 117.761875ms
Total connections: 900
Average duration: 49.841933ms
Shortest duration: 31.922625ms
Longest duration: 125.8315ms
Total connections: 950
Average duration: 51.888709ms
Shortest duration: 29.787667ms
Longest duration: 159.476209ms
Total connections: 1000
Average duration: 52.494921ms
Shortest duration: 29.491ms
Longest duration: 72.450583ms
Total connections: 1050
Average duration: 54.643204ms
Shortest duration: 31.94375ms
Longest duration: 130.086083ms
Total connections: 1100
Average duration: 61.907417ms
Shortest duration: 29.502791ms
Longest duration: 92.990125ms
Total connections: 1150
Average duration: 62.815464ms
Shortest duration: 31.833583ms
Longest duration: 212.0365ms
Total connections: 1200
Average duration: 62.946366ms
Shortest duration: 28.783958ms
Longest duration: 86.497083ms
Total connections: 1250
Average duration: 57.997045ms
Shortest duration: 28.993ms
Longest duration: 87.958167ms
Total connections: 1300
Average duration: 60.502379ms
Shortest duration: 26.16125ms
Longest duration: 348.269166ms
Total connections: 1350
Average duration: 62.48913ms
Shortest duration: 33.452333ms
Longest duration: 94.865584ms
Total connections: 1400
Average duration: 72.419531ms
Shortest duration: 35.205833ms
Longest duration: 101.116333ms
Total connections: 1450
Average duration: 70.773684ms
Shortest duration: 31.934417ms
Longest duration: 224.869666ms
Total connections: 1500
Average duration: 72.993309ms
Shortest duration: 32.334416ms
Longest duration: 105.02175ms
Total connections: 1550
Average duration: 78.932364ms
Shortest duration: 30.435791ms
Longest duration: 361.586833ms
Total connections: 1600
Average duration: 79.323179ms
Shortest duration: 26.466583ms
Longest duration: 115.832583ms
Total connections: 1650
Average duration: 85.264355ms
Shortest duration: 26.584ms
Longest duration: 449.576792ms
Total connections: 1700
Average duration: 81.022485ms
Shortest duration: 27.709708ms
Longest duration: 405.309334ms
Total connections: 1750
Average duration: 89.747255ms
Shortest duration: 28.984042ms
Longest duration: 347.295583ms
Total connections: 1800
Average duration: 107.069176ms
Shortest duration: 29.725791ms
Longest duration: 387.092792ms
Total connections: 1850
Average duration: 92.078748ms
Shortest duration: 28.938834ms
Longest duration: 451.419042ms
Total connections: 1900
Average duration: 93.308717ms
Shortest duration: 30.259958ms
Longest duration: 463.683ms
Total connections: 1950
Average duration: 113.00707ms
Shortest duration: 27.743959ms
Longest duration: 389.314166ms
Total connections: 2000
Average duration: 104.211097ms
Shortest duration: 32.574667ms
Longest duration: 432.506084ms
Total connections: 2050
Average duration: 114.882472ms
Shortest duration: 33.521916ms
Longest duration: 502.083625ms
Total connections: 2100
Average duration: 104.808564ms
Shortest duration: 28.862875ms
Longest duration: 421.566875ms
Total connections: 2150
Average duration: 117.076998ms
Shortest duration: 32.898917ms
Longest duration: 459.164334ms
Total connections: 2200
Average duration: 119.25313ms
Shortest duration: 28.893667ms
Longest duration: 434.31125ms
Total connections: 2250
Average duration: 117.332581ms
Shortest duration: 26.311959ms
Longest duration: 451.902458ms
Total connections: 2300
Average duration: 129.624968ms
Shortest duration: 31.321792ms
Longest duration: 516.410875ms
Total connections: 2350
Average duration: 131.291588ms
Shortest duration: 27.551459ms
Longest duration: 484.480292ms
Total connections: 2400
Average duration: 145.921734ms
Shortest duration: 34.248792ms
Longest duration: 453.313458ms
Total connections: 2450
Average duration: 134.071986ms
Shortest duration: 27.295417ms
Longest duration: 485.388292ms
Total connections: 2500
Average duration: 144.489051ms
Shortest duration: 27.5045ms
Longest duration: 454.960292ms
Total connections: 2550
Average duration: 138.229236ms
Shortest duration: 29.128125ms
Longest duration: 573.672333ms
Total connections: 2600
Average duration: 146.426885ms
Shortest duration: 33.585708ms
Longest duration: 910.10575ms
Total connections: 2650
Average duration: 148.069768ms
Shortest duration: 31.904583ms
Longest duration: 597.472333ms
Total connections: 2700
Average duration: 174.780742ms
Shortest duration: 29.545791ms
Longest duration: 909.202792ms
Total connections: 2750
Average duration: 164.298222ms
Shortest duration: 31.306291ms
Longest duration: 565.045291ms
Total connections: 2800
Average duration: 160.144668ms
Shortest duration: 27.650583ms
Longest duration: 887.210208ms
Total connections: 2850
Average duration: 153.590076ms
Shortest duration: 23.970833ms
Longest duration: 2.838915833s
Total connections: 2900
Average duration: 160.88037ms
Shortest duration: 23.797917ms
Longest duration: 6.823963917s
Total connections: 2950
Average duration: 164.932512ms
Shortest duration: 24.127ms
Longest duration: 10.732133417s
Total connections: 3000
Average duration: 155.00612ms
Shortest duration: 24.835208ms
Longest duration: 10.643623042s
Total connections: 3050
Average duration: 173.430445ms
Shortest duration: 24.667833ms
Longest duration: 3.409977625s
Total connections: 3100
Average duration: 179.786067ms
Shortest duration: 23.831625ms
Longest duration: 13.50448725s
Total connections: 3150
Average duration: 187.696595ms
Shortest duration: 24.872625ms
Longest duration: 14.613100625s
Total connections: 3200
Average duration: 195.934008ms
Shortest duration: 23.856375ms
Longest duration: 7.3334275s
Total connections: 3250
Average duration: 197.913694ms
Shortest duration: 23.2765ms
Longest duration: 6.770664541s
Total connections: 3300
Average duration: 214.740317ms
Shortest duration: 23.741958ms
Longest duration: 10.794601208s
Failed to receive echo: Custom { kind: TimedOut, error: ConnectionError { error: IdleTimerExpired { source: Location { file: "/Users/bacv/.cargo/registry/src/index.crates.io-6f17d22bba15001f/s2n-quic-transport-0.42.0/src/connection/connection_impl.rs", line: 1070, col: 24 } } } }
Total connections: 3349
Average duration: 204.787373ms
Shortest duration: 24.204125ms
Longest duration: 11.674352917s
Total connections: 3399
Average duration: 225.8891ms
Shortest duration: 23.7875ms
Longest duration: 15.306385167s
Failed to receive echo: Custom { kind: TimedOut, error: ConnectionError { error: IdleTimerExpired { source: Location { file: "/Users/bacv/.cargo/registry/src/index.crates.io-6f17d22bba15001f/s2n-quic-transport-0.42.0/src/connection/connection_impl.rs", line: 1070, col: 24 } } } }
Total connections: 3448
Average duration: 231.860588ms
Shortest duration: 23.831917ms
Longest duration: 22.56692575s
Total connections: 3498
Average duration: 245.518342ms
Shortest duration: 23.656958ms
Longest duration: 27.259201333s
Failed to receive echo: Custom { kind: TimedOut, error: ConnectionError { error: IdleTimerExpired { source: Location { file: "/Users/bacv/.cargo/registry/src/index.crates.io-6f17d22bba15001f/s2n-quic-transport-0.42.0/src/connection/connection_impl.rs", line: 1070, col: 24 } } } }
Failed to receive echo: Custom { kind: TimedOut, error: ConnectionError { error: IdleTimerExpired { source: Location { file: "/Users/bacv/.cargo/registry/src/index.crates.io-6f17d22bba15001f/s2n-quic-transport-0.42.0/src/connection/connection_impl.rs", line: 1070, col: 24 } } } }
Total connections: 3546
Average duration: 245.472143ms
Shortest duration: 23.480708ms
Longest duration: 22.779130167s
Failed to receive echo: Custom { kind: TimedOut, error: ConnectionError { error: IdleTimerExpired { source: Location { file: "/Users/bacv/.cargo/registry/src/index.crates.io-6f17d22bba15001f/s2n-quic-transport-0.42.0/src/connection/connection_impl.rs", line: 1070, col: 24 } } } }
Failed to receive echo: Custom { kind: TimedOut, error: ConnectionError { error: IdleTimerExpired { source: Location { file: "/Users/bacv/.cargo/registry/src/index.crates.io-6f17d22bba15001f/s2n-quic-transport-0.42.0/src/connection/connection_impl.rs", line: 1070, col: 24 } } } }
Total connections: 3594
Average duration: 275.324437ms
Shortest duration: 22.9515ms
Longest duration: 22.582216083s
Failed to receive echo: Custom { kind: TimedOut, error: ConnectionError { error: IdleTimerExpired { source: Location { file: "/Users/bacv/.cargo/registry/src/index.crates.io-6f17d22bba15001f/s2n-quic-transport-0.42.0/src/connection/connection_impl.rs", line: 1070, col: 24 } } } }
Total connections: 3643
Average duration: 267.281567ms
Shortest duration: 23.588583ms
Longest duration: 27.228608709s
Failed to receive echo: Custom { kind: TimedOut, error: ConnectionError { error: IdleTimerExpired { source: Location { file: "/Users/bacv/.cargo/registry/src/index.crates.io-6f17d22bba15001f/s2n-quic-transport-0.42.0/src/connection/connection_impl.rs", line: 1070, col: 24 } } } }
Failed to receive echo: Custom { kind: TimedOut, error: ConnectionError { error: IdleTimerExpired { source: Location { file: "/Users/bacv/.cargo/registry/src/index.crates.io-6f17d22bba15001f/s2n-quic-transport-0.42.0/src/connection/connection_impl.rs", line: 1070, col: 24 } } } }
Total connections: 3691
Average duration: 256.296859ms
Shortest duration: 23.904791ms
Longest duration: 22.491210792s
Failed to receive echo: Custom { kind: TimedOut, error: ConnectionError { error: IdleTimerExpired { source: Location { file: "/Users/bacv/.cargo/registry/src/index.crates.io-6f17d22bba15001f/s2n-quic-transport-0.42.0/src/connection/connection_impl.rs", line: 1070, col: 24 } } } }
Failed to receive echo: Custom { kind: TimedOut, error: ConnectionError { error: IdleTimerExpired { source: Location { file: "/Users/bacv/.cargo/registry/src/index.crates.io-6f17d22bba15001f/s2n-quic-transport-0.42.0/src/connection/connection_impl.rs", line: 1070, col: 24 } } } }
Failed to receive echo: Custom { kind: TimedOut, error: ConnectionError { error: IdleTimerExpired { source: Location { file: "/Users/bacv/.cargo/registry/src/index.crates.io-6f17d22bba15001f/s2n-quic-transport-0.42.0/src/connection/connection_impl.rs", line: 1070, col: 24 } } } }
Failed to receive echo: Custom { kind: TimedOut, error: ConnectionError { error: IdleTimerExpired { source: Location { file: "/Users/bacv/.cargo/registry/src/index.crates.io-6f17d22bba15001f/s2n-quic-transport-0.42.0/src/connection/connection_impl.rs", line: 1070, col: 24 } } } }
Total connections: 3737
Average duration: 286.85335ms
Shortest duration: 22.9925ms
Longest duration: 22.905141833s
Failed to receive echo: Custom { kind: TimedOut, error: ConnectionError { error: IdleTimerExpired { source: Location { file: "/Users/bacv/.cargo/registry/src/index.crates.io-6f17d22bba15001f/s2n-quic-transport-0.42.0/src/connection/connection_impl.rs", line: 1070, col: 24 } } } }
Failed to receive echo: Custom { kind: TimedOut, error: ConnectionError { error: IdleTimerExpired { source: Location { file: "/Users/bacv/.cargo/registry/src/index.crates.io-6f17d22bba15001f/s2n-quic-transport-0.42.0/src/connection/connection_impl.rs", line: 1070, col: 24 } } } }
Failed to receive echo: Custom { kind: TimedOut, error: ConnectionError { error: IdleTimerExpired { source: Location { file: "/Users/bacv/.cargo/registry/src/index.crates.io-6f17d22bba15001f/s2n-quic-transport-0.42.0/src/connection/connection_impl.rs", line: 1070, col: 24 } } } }
Failed to receive echo: Custom { kind: TimedOut, error: ConnectionError { error: IdleTimerExpired { source: Location { file: "/Users/bacv/.cargo/registry/src/index.crates.io-6f17d22bba15001f/s2n-quic-transport-0.42.0/src/connection/connection_impl.rs", line: 1070, col: 24 } } } }
Failed to receive echo: Custom { kind: TimedOut, error: ConnectionError { error: IdleTimerExpired { source: Location { file: "/Users/bacv/.cargo/registry/src/index.crates.io-6f17d22bba15001f/s2n-quic-transport-0.42.0/src/connection/connection_impl.rs", line: 1070, col: 24 } } } }
Failed to receive echo: Custom { kind: TimedOut, error: ConnectionError { error: IdleTimerExpired { source: Location { file: "/Users/bacv/.cargo/registry/src/index.crates.io-6f17d22bba15001f/s2n-quic-transport-0.42.0/src/connection/connection_impl.rs", line: 1070, col: 24 } } } }
Total connections: 3781
Average duration: 282.207259ms
Shortest duration: 23.718875ms
Longest duration: 32.167607542s
Failed to receive echo: Custom { kind: TimedOut, error: ConnectionError { error: IdleTimerExpired { source: Location { file: "/Users/bacv/.cargo/registry/src/index.crates.io-6f17d22bba15001f/s2n-quic-transport-0.42.0/src/connection/connection_impl.rs", line: 1070, col: 24 } } } }
Failed to receive echo: Custom { kind: TimedOut, error: ConnectionError { error: IdleTimerExpired { source: Location { file: "/Users/bacv/.cargo/registry/src/index.crates.io-6f17d22bba15001f/s2n-quic-transport-0.42.0/src/connection/connection_impl.rs", line: 1070, col: 24 } } } }
Failed to receive echo: Custom { kind: TimedOut, error: ConnectionError { error: IdleTimerExpired { source: Location { file: "/Users/bacv/.cargo/registry/src/index.crates.io-6f17d22bba15001f/s2n-quic-transport-0.42.0/src/connection/connection_impl.rs", line: 1070, col: 24 } } } }
Failed to receive echo: Custom { kind: TimedOut, error: ConnectionError { error: IdleTimerExpired { source: Location { file: "/Users/bacv/.cargo/registry/src/index.crates.io-6f17d22bba15001f/s2n-quic-transport-0.42.0/src/connection/connection_impl.rs", line: 1070, col: 24 } } } }
Failed to receive echo: Custom { kind: TimedOut, error: ConnectionError { error: IdleTimerExpired { source: Location { file: "/Users/bacv/.cargo/registry/src/index.crates.io-6f17d22bba15001f/s2n-quic-transport-0.42.0/src/connection/connection_impl.rs", line: 1070, col: 24 } } } }
Failed to receive echo: Custom { kind: TimedOut, error: ConnectionError { error: IdleTimerExpired { source: Location { file: "/Users/bacv/.cargo/registry/src/index.crates.io-6f17d22bba15001f/s2n-quic-transport-0.42.0/src/connection/connection_impl.rs", line: 1070, col: 24 } } } }
Failed to receive echo: Custom { kind: TimedOut, error: ConnectionError { error: IdleTimerExpired { source: Location { file: "/Users/bacv/.cargo/registry/src/index.crates.io-6f17d22bba15001f/s2n-quic-transport-0.42.0/src/connection/connection_impl.rs", line: 1070, col: 24 } } } }
Total connections: 3824
Average duration: 295.209065ms
Shortest duration: 23.617709ms
Longest duration: 26.842619041s
Failed to receive echo: Custom { kind: TimedOut, error: ConnectionError { error: IdleTimerExpired { source: Location { file: "/Users/bacv/.cargo/registry/src/index.crates.io-6f17d22bba15001f/s2n-quic-transport-0.42.0/src/connection/connection_impl.rs", line: 1070, col: 24 } } } }
Failed to receive echo: Custom { kind: TimedOut, error: ConnectionError { error: IdleTimerExpired { source: Location { file: "/Users/bacv/.cargo/registry/src/index.crates.io-6f17d22bba15001f/s2n-quic-transport-0.42.0/src/connection/connection_impl.rs", line: 1070, col: 24 } } } }
Failed to receive echo: Custom { kind: TimedOut, error: ConnectionError { error: IdleTimerExpired { source: Location { file: "/Users/bacv/.cargo/registry/src/index.crates.io-6f17d22bba15001f/s2n-quic-transport-0.42.0/src/connection/connection_impl.rs", line: 1070, col: 24 } } } }
Failed to receive echo: Custom { kind: TimedOut, error: ConnectionError { error: IdleTimerExpired { source: Location { file: "/Users/bacv/.cargo/registry/src/index.crates.io-6f17d22bba15001f/s2n-quic-transport-0.42.0/src/connection/connection_impl.rs", line: 1070, col: 24 } } } }
Failed to receive echo: Custom { kind: TimedOut, error: ConnectionError { error: IdleTimerExpired { source: Location { file: "/Users/bacv/.cargo/registry/src/index.crates.io-6f17d22bba15001f/s2n-quic-transport-0.42.0/src/connection/connection_impl.rs", line: 1070, col: 24 } } } }
Failed to receive echo: Custom { kind: TimedOut, error: ConnectionError { error: IdleTimerExpired { source: Location { file: "/Users/bacv/.cargo/registry/src/index.crates.io-6f17d22bba15001f/s2n-quic-transport-0.42.0/src/connection/connection_impl.rs", line: 1070, col: 24 } } } }
Total connections: 3868
Average duration: 288.118516ms
Shortest duration: 23.625458ms
Longest duration: 25.278689292s
Failed to receive echo: Custom { kind: TimedOut, error: ConnectionError { error: IdleTimerExpired { source: Location { file: "/Users/bacv/.cargo/registry/src/index.crates.io-6f17d22bba15001f/s2n-quic-transport-0.42.0/src/connection/connection_impl.rs", line: 1070, col: 24 } } } }
Failed to receive echo: Custom { kind: TimedOut, error: ConnectionError { error: IdleTimerExpired { source: Location { file: "/Users/bacv/.cargo/registry/src/index.crates.io-6f17d22bba15001f/s2n-quic-transport-0.42.0/src/connection/connection_impl.rs", line: 1070, col: 24 } } } }
Failed to receive echo: Custom { kind: TimedOut, error: ConnectionError { error: IdleTimerExpired { source: Location { file: "/Users/bacv/.cargo/registry/src/index.crates.io-6f17d22bba15001f/s2n-quic-transport-0.42.0/src/connection/connection_impl.rs", line: 1070, col: 24 } } } }
Failed to receive echo: Custom { kind: TimedOut, error: ConnectionError { error: IdleTimerExpired { source: Location { file: "/Users/bacv/.cargo/registry/src/index.crates.io-6f17d22bba15001f/s2n-quic-transport-0.42.0/src/connection/connection_impl.rs", line: 1070, col: 24 } } } }
Failed to receive echo: Custom { kind: TimedOut, error: ConnectionError { error: IdleTimerExpired { source: Location { file: "/Users/bacv/.cargo/registry/src/index.crates.io-6f17d22bba15001f/s2n-quic-transport-0.42.0/src/connection/connection_impl.rs", line: 1070, col: 24 } } } }
Failed to receive echo: Custom { kind: TimedOut, error: ConnectionError { error: IdleTimerExpired { source: Location { file: "/Users/bacv/.cargo/registry/src/index.crates.io-6f17d22bba15001f/s2n-quic-transport-0.42.0/src/connection/connection_impl.rs", line: 1070, col: 24 } } } }
Failed to receive echo: Custom { kind: TimedOut, error: ConnectionError { error: IdleTimerExpired { source: Location { file: "/Users/bacv/.cargo/registry/src/index.crates.io-6f17d22bba15001f/s2n-quic-transport-0.42.0/src/connection/connection_impl.rs", line: 1070, col: 24 } } } }
Failed to receive echo: Custom { kind: TimedOut, error: ConnectionError { error: IdleTimerExpired { source: Location { file: "/Users/bacv/.cargo/registry/src/index.crates.io-6f17d22bba15001f/s2n-quic-transport-0.42.0/src/connection/connection_impl.rs", line: 1070, col: 24 } } } }
Failed to receive echo: Custom { kind: TimedOut, error: ConnectionError { error: IdleTimerExpired { source: Location { file: "/Users/bacv/.cargo/registry/src/index.crates.io-6f17d22bba15001f/s2n-quic-transport-0.42.0/src/connection/connection_impl.rs", line: 1070, col: 24 } } } }
Total connections: 3909
Average duration: 279.778223ms
Shortest duration: 23.83775ms
Longest duration: 22.644623s
Failed to receive echo: Custom { kind: TimedOut, error: ConnectionError { error: IdleTimerExpired { source: Location { file: "/Users/bacv/.cargo/registry/src/index.crates.io-6f17d22bba15001f/s2n-quic-transport-0.42.0/src/connection/connection_impl.rs", line: 1070, col: 24 } } } }
Failed to receive echo: Custom { kind: TimedOut, error: ConnectionError { error: IdleTimerExpired { source: Location { file: "/Users/bacv/.cargo/registry/src/index.crates.io-6f17d22bba15001f/s2n-quic-transport-0.42.0/src/connection/connection_impl.rs", line: 1070, col: 24 } } } }
Failed to receive echo: Custom { kind: TimedOut, error: ConnectionError { error: IdleTimerExpired { source: Location { file: "/Users/bacv/.cargo/registry/src/index.crates.io-6f17d22bba15001f/s2n-quic-transport-0.42.0/src/connection/connection_impl.rs", line: 1070, col: 24 } } } }
Failed to receive echo: Custom { kind: TimedOut, error: ConnectionError { error: IdleTimerExpired { source: Location { file: "/Users/bacv/.cargo/registry/src/index.crates.io-6f17d22bba15001f/s2n-quic-transport-0.42.0/src/connection/connection_impl.rs", line: 1070, col: 24 } } } }
Failed to receive echo: Custom { kind: TimedOut, error: ConnectionError { error: IdleTimerExpired { source: Location { file: "/Users/bacv/.cargo/registry/src/index.crates.io-6f17d22bba15001f/s2n-quic-transport-0.42.0/src/connection/connection_impl.rs", line: 1070, col: 24 } } } }
Failed to receive echo: Custom { kind: TimedOut, error: ConnectionError { error: IdleTimerExpired { source: Location { file: "/Users/bacv/.cargo/registry/src/index.crates.io-6f17d22bba15001f/s2n-quic-transport-0.42.0/src/connection/connection_impl.rs", line: 1070, col: 24 } } } }
Failed to receive echo: Custom { kind: TimedOut, error: ConnectionError { error: IdleTimerExpired { source: Location { file: "/Users/bacv/.cargo/registry/src/index.crates.io-6f17d22bba15001f/s2n-quic-transport-0.42.0/src/connection/connection_impl.rs", line: 1070, col: 24 } } } }
Failed to receive echo: Custom { kind: TimedOut, error: ConnectionError { error: IdleTimerExpired { source: Location { file: "/Users/bacv/.cargo/registry/src/index.crates.io-6f17d22bba15001f/s2n-quic-transport-0.42.0/src/connection/connection_impl.rs", line: 1070, col: 24 } } } }
Failed to receive echo: Custom { kind: TimedOut, error: ConnectionError { error: IdleTimerExpired { source: Location { file: "/Users/bacv/.cargo/registry/src/index.crates.io-6f17d22bba15001f/s2n-quic-transport-0.42.0/src/connection/connection_impl.rs", line: 1070, col: 24 } } } }
Failed to receive echo: Custom { kind: TimedOut, error: ConnectionError { error: IdleTimerExpired { source: Location { file: "/Users/bacv/.cargo/registry/src/index.crates.io-6f17d22bba15001f/s2n-quic-transport-0.42.0/src/connection/connection_impl.rs", line: 1070, col: 24 } } } }
Failed to receive echo: Custom { kind: TimedOut, error: ConnectionError { error: IdleTimerExpired { source: Location { file: "/Users/bacv/.cargo/registry/src/index.crates.io-6f17d22bba15001f/s2n-quic-transport-0.42.0/src/connection/connection_impl.rs", line: 1070, col: 24 } } } }
Failed to receive echo: Custom { kind: TimedOut, error: ConnectionError { error: IdleTimerExpired { source: Location { file: "/Users/bacv/.cargo/registry/src/index.crates.io-6f17d22bba15001f/s2n-quic-transport-0.42.0/src/connection/connection_impl.rs", line: 1070, col: 24 } } } }
Failed to receive echo: Custom { kind: TimedOut, error: ConnectionError { error: IdleTimerExpired { source: Location { file: "/Users/bacv/.cargo/registry/src/index.crates.io-6f17d22bba15001f/s2n-quic-transport-0.42.0/src/connection/connection_impl.rs", line: 1070, col: 24 } } } }
Failed to receive echo: Custom { kind: TimedOut, error: ConnectionError { error: IdleTimerExpired { source: Location { file: "/Users/bacv/.cargo/registry/src/index.crates.io-6f17d22bba15001f/s2n-quic-transport-0.42.0/src/connection/connection_impl.rs", line: 1070, col: 24 } } } }
Failed to receive echo: Custom { kind: TimedOut, error: ConnectionError { error: IdleTimerExpired { source: Location { file: "/Users/bacv/.cargo/registry/src/index.crates.io-6f17d22bba15001f/s2n-quic-transport-0.42.0/src/connection/connection_impl.rs", line: 1070, col: 24 } } } }
Failed to receive echo: Custom { kind: TimedOut, error: ConnectionError { error: IdleTimerExpired { source: Location { file: "/Users/bacv/.cargo/registry/src/index.crates.io-6f17d22bba15001f/s2n-quic-transport-0.42.0/src/connection/connection_impl.rs", line: 1070, col: 24 } } } }
Failed to receive echo: Custom { kind: TimedOut, error: ConnectionError { error: IdleTimerExpired { source: Location { file: "/Users/bacv/.cargo/registry/src/index.crates.io-6f17d22bba15001f/s2n-quic-transport-0.42.0/src/connection/connection_impl.rs", line: 1070, col: 24 } } } }
Failed to receive echo: Custom { kind: TimedOut, error: ConnectionError { error: IdleTimerExpired { source: Location { file: "/Users/bacv/.cargo/registry/src/index.crates.io-6f17d22bba15001f/s2n-quic-transport-0.42.0/src/connection/connection_impl.rs", line: 1070, col: 24 } } } }
