Total connections: 0
Average duration: 0ns
Shortest duration: 18446744073709551615s
Longest duration: 0ns
Total connections: 50
Average duration: 40.105832ms
Shortest duration: 35.209232ms
Longest duration: 41.798638ms
Total connections: 100
Average duration: 40.299175ms
Shortest duration: 35.363068ms
Longest duration: 43.326801ms
Total connections: 150
Average duration: 40.365537ms
Shortest duration: 35.161412ms
Longest duration: 43.259363ms
Total connections: 200
Average duration: 41.291613ms
Shortest duration: 35.186872ms
Longest duration: 50.664908ms
Total connections: 250
Average duration: 41.637128ms
Shortest duration: 34.980157ms
Longest duration: 48.430721ms
Total connections: 300
Average duration: 41.740332ms
Shortest duration: 35.104124ms
Longest duration: 46.973135ms
Total connections: 350
Average duration: 43.647729ms
Shortest duration: 35.091475ms
Longest duration: 54.360331ms
Total connections: 400
Average duration: 44.46059ms
Shortest duration: 35.036536ms
Longest duration: 178.222408ms
Total connections: 450
Average duration: 48.138157ms
Shortest duration: 35.046275ms
Longest duration: 186.65538ms
Total connections: 500
Average duration: 46.224128ms
Shortest duration: 35.133874ms
Longest duration: 62.52273ms
Total connections: 550
Average duration: 47.202424ms
Shortest duration: 35.056456ms
Longest duration: 64.081853ms
Total connections: 600
Average duration: 54.853293ms
Shortest duration: 35.222411ms
Longest duration: 265.809639ms
Total connections: 650
Average duration: 52.329092ms
Shortest duration: 35.120624ms
Longest duration: 174.796849ms
Total connections: 700
Average duration: 53.399579ms
Shortest duration: 35.011116ms
Longest duration: 76.886922ms
Total connections: 750
Average duration: 55.734143ms
Shortest duration: 35.123334ms
Longest duration: 166.358307ms
Total connections: 800
Average duration: 57.075562ms
Shortest duration: 34.972277ms
Longest duration: 85.950009ms
Total connections: 850
Average duration: 59.898057ms
Shortest duration: 35.110104ms
Longest duration: 90.360875ms
Total connections: 900
Average duration: 61.267755ms
Shortest duration: 35.078855ms
Longest duration: 93.566019ms
Total connections: 950
Average duration: 63.77322ms
Shortest duration: 34.995647ms
Longest duration: 98.593041ms
Total connections: 1000
Average duration: 66.288393ms
Shortest duration: 34.989027ms
Longest duration: 104.055853ms
Total connections: 1050
Average duration: 69.591722ms
Shortest duration: 35.117994ms
Longest duration: 321.00599ms
Total connections: 1100
Average duration: 78.775505ms
Shortest duration: 35.085305ms
Longest duration: 316.958326ms
Total connections: 1150
Average duration: 85.040723ms
Shortest duration: 35.183403ms
Longest duration: 320.828384ms
Total connections: 1200
Average duration: 91.620045ms
Shortest duration: 34.965828ms
Longest duration: 323.907592ms
Total connections: 1250
Average duration: 96.162059ms
Shortest duration: 34.998226ms
Longest duration: 327.236254ms
Total connections: 1300
Average duration: 98.588193ms
Shortest duration: 35.080796ms
Longest duration: 318.704274ms
Total connections: 1350
Average duration: 102.498476ms
Shortest duration: 35.139494ms
Longest duration: 319.194102ms
Total connections: 1400
Average duration: 104.962789ms
Shortest duration: 35.014677ms
Longest duration: 318.370421ms
Total connections: 1450
Average duration: 107.611624ms
Shortest duration: 35.26421ms
Longest duration: 321.555817ms
Total connections: 1500
Average duration: 110.214082ms
Shortest duration: 35.181862ms
Longest duration: 320.360285ms
Total connections: 1550
Average duration: 113.262713ms
Shortest duration: 35.161983ms
Longest duration: 321.139317ms
Total connections: 1600
Average duration: 115.866044ms
Shortest duration: 35.050376ms
Longest duration: 317.121341ms
Total connections: 1650
Average duration: 116.496693ms
Shortest duration: 35.009027ms
Longest duration: 316.406428ms
Total connections: 1700
Average duration: 119.931995ms
Shortest duration: 35.25136ms
Longest duration: 328.068284ms
Total connections: 1750
Average duration: 121.992203ms
Shortest duration: 35.32118ms
Longest duration: 317.237829ms
Total connections: 1800
Average duration: 124.368528ms
Shortest duration: 35.044985ms
Longest duration: 453.631012ms
Total connections: 1850
Average duration: 126.733542ms
Shortest duration: 35.174883ms
Longest duration: 464.290251ms
Total connections: 1900
Average duration: 128.23539ms
Shortest duration: 35.190714ms
Longest duration: 330.442877ms
Total connections: 1950
Average duration: 130.659988ms
Shortest duration: 35.113595ms
Longest duration: 509.367953ms
Total connections: 2000
Average duration: 129.5363ms
Shortest duration: 35.209764ms
Longest duration: 319.546353ms
Total connections: 2050
Average duration: 133.132148ms
Shortest duration: 35.021647ms
Longest duration: 740.107753ms
Total connections: 2100
Average duration: 135.611199ms
Shortest duration: 35.060446ms
Longest duration: 482.855287ms
Total connections: 2150
Average duration: 139.556712ms
Shortest duration: 35.024597ms
Longest duration: 446.691715ms
Total connections: 2200
Average duration: 140.346219ms
Shortest duration: 35.087516ms
Longest duration: 460.944212ms
Total connections: 2250
Average duration: 142.956932ms
Shortest duration: 35.159224ms
Longest duration: 327.177073ms
Total connections: 2300
Average duration: 145.300792ms
Shortest duration: 35.074416ms
Longest duration: 538.637895ms
Total connections: 2350
Average duration: 145.931371ms
Shortest duration: 35.246302ms
Longest duration: 467.298751ms
Total connections: 2400
Average duration: 154.512235ms
Shortest duration: 35.233853ms
Longest duration: 686.826385ms
Total connections: 2450
Average duration: 158.471953ms
Shortest duration: 35.213862ms
Longest duration: 532.281955ms
Total connections: 2500
Average duration: 155.009192ms
Shortest duration: 34.992418ms
Longest duration: 491.744448ms
Total connections: 2550
Average duration: 156.521025ms
Shortest duration: 35.002807ms
Longest duration: 480.460592ms
Total connections: 2600
Average duration: 164.477838ms
Shortest duration: 35.074156ms
Longest duration: 731.351528ms
Total connections: 2650
Average duration: 182.353314ms
Shortest duration: 35.036177ms
Longest duration: 717.113482ms
Total connections: 2700
Average duration: 169.342418ms
Shortest duration: 35.020227ms
Longest duration: 545.422146ms
Total connections: 2750
Average duration: 175.269896ms
Shortest duration: 35.32587ms
Longest duration: 665.038696ms
Total connections: 2800
Average duration: 184.363969ms
Shortest duration: 35.3466ms
Longest duration: 611.2319ms
Total connections: 2850
Average duration: 180.38695ms
Shortest duration: 35.058207ms
Longest duration: 547.462538ms
Total connections: 2900
Average duration: 187.075907ms
Shortest duration: 34.949139ms
Longest duration: 569.623628ms
Total connections: 2950
Average duration: 184.398763ms
Shortest duration: 35.466817ms
Longest duration: 623.831925ms
Total connections: 3000
Average duration: 198.922088ms
Shortest duration: 35.196183ms
Longest duration: 631.353448ms
Total connections: 3050
Average duration: 216.618305ms
Shortest duration: 34.972378ms
Longest duration: 704.990618ms
Total connections: 3100
Average duration: 202.738492ms
Shortest duration: 35.164234ms
Longest duration: 626.598029ms
Total connections: 3150
Average duration: 188.433742ms
Shortest duration: 34.991968ms
Longest duration: 581.394941ms
Total connections: 3200
Average duration: 191.689529ms
Shortest duration: 35.117794ms
Longest duration: 540.18595ms
Total connections: 3250
Average duration: 200.139012ms
Shortest duration: 35.053327ms
Longest duration: 673.39642ms
Total connections: 3300
Average duration: 200.108726ms
Shortest duration: 35.007068ms
Longest duration: 636.170884ms
Total connections: 3350
Average duration: 224.705728ms
Shortest duration: 34.986319ms
Longest duration: 744.747553ms
Total connections: 3400
Average duration: 216.531261ms
Shortest duration: 34.939729ms
Longest duration: 725.094565ms
Total connections: 3450
Average duration: 223.741959ms
Shortest duration: 35.036027ms
Longest duration: 705.458626ms
Total connections: 3500
Average duration: 224.476389ms
Shortest duration: 34.962018ms
Longest duration: 690.220944ms
Total connections: 3550
Average duration: 230.777631ms
Shortest duration: 35.216032ms
Longest duration: 781.582777ms
Total connections: 3600
Average duration: 256.537936ms
Shortest duration: 35.33443ms
Longest duration: 900.948724ms
Total connections: 3650
Average duration: 267.35711ms
Shortest duration: 35.111595ms
Longest duration: 1.772133958s
Total connections: 3700
Average duration: 252.975931ms
Shortest duration: 35.31922ms
Longest duration: 771.366048ms
Total connections: 3750
Average duration: 273.379564ms
Shortest duration: 35.29823ms
Longest duration: 753.139417ms
Total connections: 3800
Average duration: 237.894948ms
Shortest duration: 35.130915ms
Longest duration: 802.789858ms
Total connections: 3850
Average duration: 256.36575ms
Shortest duration: 35.122455ms
Longest duration: 744.907629ms
Total connections: 3900
Average duration: 278.440987ms
Shortest duration: 35.083346ms
Longest duration: 741.337274ms
Total connections: 3950
Average duration: 257.29397ms
Shortest duration: 35.082796ms
Longest duration: 806.587101ms
Total connections: 4000
Average duration: 261.142486ms
Shortest duration: 35.238342ms
Longest duration: 900.331328ms
Total connections: 4050
Average duration: 278.058082ms
Shortest duration: 35.093786ms
Longest duration: 766.198949ms
Total connections: 4100
Average duration: 265.220589ms
Shortest duration: 35.089776ms
Longest duration: 755.146548ms
Total connections: 4150
Average duration: 281.689283ms
Shortest duration: 35.095855ms
Longest duration: 786.442933ms
Total connections: 4200
Average duration: 268.569548ms
Shortest duration: 35.498287ms
Longest duration: 807.162368ms
Total connections: 4250
Average duration: 291.337335ms
Shortest duration: 35.492186ms
Longest duration: 836.990327ms
Total connections: 4300
Average duration: 265.396526ms
Shortest duration: 35.380358ms
Longest duration: 1.664774059s
Total connections: 4350
Average duration: 289.416917ms
Shortest duration: 36.494872ms
Longest duration: 869.055643ms
Total connections: 4400
Average duration: 297.402587ms
Shortest duration: 36.19243ms
Longest duration: 880.431776ms
Total connections: 4450
Average duration: 297.632147ms
Shortest duration: 35.785429ms
Longest duration: 858.422542ms
Total connections: 4500
Average duration: 313.570634ms
Shortest duration: 35.7505ms
Longest duration: 992.64151ms
Total connections: 4550
Average duration: 284.677827ms
Shortest duration: 35.459507ms
Longest duration: 904.679236ms
Total connections: 4600
Average duration: 295.083871ms
Shortest duration: 35.180863ms
Longest duration: 815.080851ms
Total connections: 4650
Average duration: 314.005054ms
Shortest duration: 36.654789ms
Longest duration: 848.560306ms
Total connections: 4700
Average duration: 288.966259ms
Shortest duration: 36.022384ms
Longest duration: 884.591328ms
Total connections: 4750
Average duration: 312.263598ms
Shortest duration: 35.992644ms
Longest duration: 827.321113ms
Total connections: 4800
Average duration: 317.929405ms
Shortest duration: 35.862167ms
Longest duration: 1.715601355s
Total connections: 4850
Average duration: 317.695132ms
Shortest duration: 36.16175ms
Longest duration: 1.738398781s
Total connections: 4900
Average duration: 300.632913ms
Shortest duration: 35.914226ms
Longest duration: 1.576420835s
Total connections: 4950
Average duration: 348.710313ms
Shortest duration: 35.869877ms
Longest duration: 1.673022276s
Total connections: 5000
Average duration: 314.676016ms
Shortest duration: 37.514629ms
Longest duration: 942.742102ms
Total connections: 5050
Average duration: 336.105483ms
Shortest duration: 36.6124ms
Longest duration: 1.37014353s
Total connections: 5100
Average duration: 320.102938ms
Shortest duration: 36.032183ms
Longest duration: 2.709146703s
Total connections: 5150
Average duration: 322.657901ms
Shortest duration: 35.913436ms
Longest duration: 2.478552451s
Total connections: 5200
Average duration: 330.17765ms
Shortest duration: 35.134264ms
Longest duration: 966.197341ms
Total connections: 5250
Average duration: 357.617297ms
Shortest duration: 36.18583ms
Longest duration: 1.551638077s
Total connections: 5300
Average duration: 338.346174ms
Shortest duration: 35.841198ms
Longest duration: 6.458707697s
Total connections: 5350
Average duration: 336.740471ms
Shortest duration: 35.397378ms
Longest duration: 1.182211436s
Total connections: 5400
Average duration: 370.531003ms
Shortest duration: 36.526161ms
Longest duration: 2.449491773s
Total connections: 5450
Average duration: 397.535419ms
Shortest duration: 35.205683ms
Longest duration: 4.72516381s
Total connections: 5500
Average duration: 366.051288ms
Shortest duration: 36.545631ms
Longest duration: 6.495802724s
Total connections: 5550
Average duration: 373.212954ms
Shortest duration: 35.77996ms
Longest duration: 3.694672238s
Total connections: 5600
Average duration: 370.029927ms
Shortest duration: 36.050883ms
Longest duration: 2.809812628s
Total connections: 5650
Average duration: 383.045302ms
Shortest duration: 36.129302ms
Longest duration: 2.734277172s
Total connections: 5700
Average duration: 375.703455ms
Shortest duration: 37.105628ms
Longest duration: 2.769891837s
Total connections: 5750
Average duration: 369.407825ms
Shortest duration: 35.505115ms
Longest duration: 4.722257379s
Total connections: 5800
Average duration: 359.569635ms
Shortest duration: 35.366878ms
Longest duration: 2.254938573s
Total connections: 5850
Average duration: 384.478574ms
Shortest duration: 36.357445ms
Longest duration: 2.47473596s
Total connections: 5900
Average duration: 385.642798ms
Shortest duration: 37.02387ms
Longest duration: 4.021495901s
Total connections: 5950
Average duration: 380.90549ms
Shortest duration: 35.528826ms
Longest duration: 2.938268391s
Total connections: 6000
Average duration: 428.919522ms
Shortest duration: 35.316011ms
Longest duration: 3.517738857s
Total connections: 6050
Average duration: 413.571218ms
Shortest duration: 35.607193ms
Longest duration: 6.692856873s
Total connections: 6100
Average duration: 390.809299ms
Shortest duration: 35.648593ms
Longest duration: 18.308070295s
Total connections: 6150
Average duration: 396.946719ms
Shortest duration: 37.988248ms
Longest duration: 12.797194242s
Total connections: 6200
Average duration: 402.383496ms
Shortest duration: 35.294421ms
Longest duration: 16.710408998s
Total connections: 6250
Average duration: 400.091725ms
Shortest duration: 35.650283ms
Longest duration: 2.921517003s
Total connections: 6300
Average duration: 398.490731ms
Shortest duration: 36.420875ms
Longest duration: 4.878480269s
Total connections: 6350
Average duration: 405.463167ms
Shortest duration: 35.572274ms
Longest duration: 4.57964152s
Total connections: 6400
Average duration: 414.013325ms
Shortest duration: 35.382969ms
Longest duration: 3.38993061s
Total connections: 6450
Average duration: 422.26357ms
Shortest duration: 35.3213ms
Longest duration: 6.787976658s
Total connections: 6500
Average duration: 448.00254ms
Shortest duration: 35.203094ms
Longest duration: 9.334123071s
Total connections: 6550
Average duration: 448.111609ms
Shortest duration: 35.569405ms
Longest duration: 6.509574338s
Total connections: 6600
Average duration: 510.33717ms
Shortest duration: 35.111296ms
Longest duration: 8.8932455s
Total connections: 6650
Average duration: 487.088154ms
Shortest duration: 35.062096ms
Longest duration: 7.189698861s
Total connections: 6700
Average duration: 448.489681ms
Shortest duration: 35.274382ms
Longest duration: 16.204166402s
Total connections: 6750
Average duration: 447.436028ms
Shortest duration: 36.014684ms
Longest duration: 14.763271213s
Failed to receive echo: Custom { kind: TimedOut, error: ConnectionError { error: IdleTimerExpired { source: Location { file: "/Users/bacv/.cargo/registry/src/index.crates.io-6f17d22bba15001f/s2n-quic-transport-0.42.0/src/connection/connection_impl.rs", line: 1070, col: 24 } } } }
Total connections: 6799
Average duration: 463.178854ms
Shortest duration: 35.653302ms
Longest duration: 22.759820657s
Total connections: 6849
Average duration: 449.032896ms
Shortest duration: 35.495186ms
Longest duration: 8.401294697s
Failed to receive echo: Custom { kind: TimedOut, error: ConnectionError { error: IdleTimerExpired { source: Location { file: "/Users/bacv/.cargo/registry/src/index.crates.io-6f17d22bba15001f/s2n-quic-transport-0.42.0/src/connection/connection_impl.rs", line: 1070, col: 24 } } } }
Total connections: 6898
Average duration: 458.696219ms
Shortest duration: 35.443918ms
Longest duration: 16.858194386s
Total connections: 6948
Average duration: 496.705293ms
Shortest duration: 35.298411ms
Longest duration: 12.927262537s
Total connections: 6998
Average duration: 479.088256ms
Shortest duration: 35.391203ms
Longest duration: 15.983085556s
Total connections: 7048
Average duration: 463.982436ms
Shortest duration: 35.297445ms
Longest duration: 13.196520748s
Total connections: 7098
Average duration: 487.365401ms
Shortest duration: 35.332114ms
Longest duration: 12.837402336s
Total connections: 7148
Average duration: 479.886644ms
Shortest duration: 35.334984ms
Longest duration: 8.204581916s
Total connections: 7198
Average duration: 521.200672ms
Shortest duration: 35.676837ms
Longest duration: 12.867452693s
Total connections: 7248
Average duration: 547.213141ms
Shortest duration: 34.923564ms
Longest duration: 11.197844759s
Total connections: 7258
Average duration: 366.436428ms
Shortest duration: 35.417212ms
Longest duration: 17.188400825s
Total connections: 7258
Average duration: 0ns
Shortest duration: 18446744073709551615s
Longest duration: 0ns
The connection was closed because the handshake took longer than the max handshake duration of 10s
The connection was closed because the handshake took longer than the max handshake duration of 10s
The connection was closed because the handshake took longer than the max handshake duration of 10s
The connection was closed because the handshake took longer than the max handshake duration of 10s
The connection was closed because the handshake took longer than the max handshake duration of 10s
The connection was closed because the handshake took longer than the max handshake duration of 10s
The connection was closed because the handshake took longer than the max handshake duration of 10s
The connection was closed because the handshake took longer than the max handshake duration of 10s
The connection was closed because the handshake took longer than the max handshake duration of 10s
The connection was closed because the handshake took longer than the max handshake duration of 10s
The connection was closed because the handshake took longer than the max handshake duration of 10s
The connection was closed because the handshake took longer than the max handshake duration of 10s
The connection was closed because the handshake took longer than the max handshake duration of 10s
The connection was closed because the handshake took longer than the max handshake duration of 10s
The connection was closed because the handshake took longer than the max handshake duration of 10s
The connection was closed because the handshake took longer than the max handshake duration of 10s
The connection was closed because the handshake took longer than the max handshake duration of 10s
The connection was closed because the handshake took longer than the max handshake duration of 10s
The connection was closed because the handshake took longer than the max handshake duration of 10s
The connection was closed because the handshake took longer than the max handshake duration of 10s
The connection was closed because the handshake took longer than the max handshake duration of 10s
The connection was closed because the handshake took longer than the max handshake duration of 10s
The connection was closed because the handshake took longer than the max handshake duration of 10s
The connection was closed because the handshake took longer than the max handshake duration of 10s
The connection was closed because the handshake took longer than the max handshake duration of 10s
The connection was closed because the handshake took longer than the max handshake duration of 10s
The connection was closed because the handshake took longer than the max handshake duration of 10s
The connection was closed because the handshake took longer than the max handshake duration of 10s
The connection was closed because the handshake took longer than the max handshake duration of 10s
The connection was closed because the handshake took longer than the max handshake duration of 10s
The connection was closed because the handshake took longer than the max handshake duration of 10s
The connection was closed because the handshake took longer than the max handshake duration of 10s
The connection was closed because the handshake took longer than the max handshake duration of 10s
The connection was closed because the handshake took longer than the max handshake duration of 10s
The connection was closed because the handshake took longer than the max handshake duration of 10s
The connection was closed because the handshake took longer than the max handshake duration of 10s
The connection was closed because the handshake took longer than the max handshake duration of 10s
The connection was closed because the handshake took longer than the max handshake duration of 10s
The connection was closed because the handshake took longer than the max handshake duration of 10s
The connection was closed because the handshake took longer than the max handshake duration of 10s
Total connections: 7258
Average duration: 0ns
Shortest duration: 18446744073709551615s
The connection was closed because the handshake took longer than the max handshake duration of 10s
The connection was closed because the handshake took longer than the max handshake duration of 10s
The connection was closed because the handshake took longer than the max handshake duration of 10s
The connection was closed because the handshake took longer than the max handshake duration of 10s
The connection was closed because the handshake took longer than the max handshake duration of 10s
The connection was closed because the handshake took longer than the max handshake duration of 10s
The connection was closed because the handshake took longer than the max handshake duration of 10s
The connection was closed because the handshake took longer than the max handshake duration of 10s
The connection was closed because the handshake took longer than the max handshake duration of 10s
The connection was closed because the handshake took longer than the max handshake duration of 10s
Longest duration: 0ns
The connection was closed because the handshake took longer than the max handshake duration of 10s
The connection was closed because the handshake took longer than the max handshake duration of 10s
The connection was closed because the handshake took longer than the max handshake duration of 10s
The connection was closed because the handshake took longer than the max handshake duration of 10s
The connection was closed because the handshake took longer than the max handshake duration of 10s
The connection was closed because the handshake took longer than the max handshake duration of 10s
The connection was closed because the handshake took longer than the max handshake duration of 10s
The connection was closed because the handshake took longer than the max handshake duration of 10s
The connection was closed because the handshake took longer than the max handshake duration of 10s
The connection was closed because the handshake took longer than the max handshake duration of 10s
