Total connections: 0
Average duration: 0ns
Shortest duration: 18446744073709551615s
Longest duration: 0ns
Total connections: 50
Average duration: 24.819337ms
Shortest duration: 22.029531ms
Longest duration: 27.763045ms
Total connections: 100
Average duration: 24.925962ms
Shortest duration: 21.932398ms
Longest duration: 28.795651ms
Total connections: 150
Average duration: 25.217848ms
Shortest duration: 21.867895ms
Longest duration: 29.129578ms
Total connections: 200
Average duration: 25.903143ms
Shortest duration: 21.829429ms
Longest duration: 31.223121ms
Total connections: 250
Average duration: 27.26774ms
Shortest duration: 21.924627ms
Longest duration: 78.140486ms
Total connections: 300
Average duration: 29.419984ms
Shortest duration: 21.872494ms
Longest duration: 41.633757ms
Total connections: 350
Average duration: 30.756355ms
Shortest duration: 22.100879ms
Longest duration: 143.878004ms
Total connections: 400
Average duration: 33.942347ms
Shortest duration: 21.97556ms
Longest duration: 147.84809ms
Total connections: 450
Average duration: 35.808072ms
Shortest duration: 22.054844ms
Longest duration: 141.256676ms
Total connections: 500
Average duration: 37.735727ms
Shortest duration: 22.318594ms
Longest duration: 154.386568ms
Total connections: 550
Average duration: 40.87948ms
Shortest duration: 21.970775ms
Longest duration: 156.679437ms
Total connections: 600
Average duration: 41.757509ms
Shortest duration: 21.885059ms
Longest duration: 171.882394ms
Total connections: 650
Average duration: 43.938193ms
Shortest duration: 22.196719ms
Longest duration: 178.709726ms
Total connections: 700
Average duration: 46.508574ms
Shortest duration: 21.876596ms
Longest duration: 190.812794ms
Total connections: 750
Average duration: 48.472237ms
Shortest duration: 21.976241ms
Longest duration: 183.011074ms
Total connections: 800
Average duration: 51.118404ms
Shortest duration: 21.993231ms
Longest duration: 233.217273ms
Total connections: 850
Average duration: 52.395436ms
Shortest duration: 21.876984ms
Longest duration: 162.811326ms
Total connections: 900
Average duration: 55.013599ms
Shortest duration: 21.979371ms
Longest duration: 250.057996ms
Total connections: 950
Average duration: 57.252509ms
Shortest duration: 22.134957ms
Longest duration: 213.819633ms
Total connections: 1000
Average duration: 60.047125ms
Shortest duration: 22.228114ms
Longest duration: 421.258051ms
Total connections: 1050
Average duration: 66.610355ms
Shortest duration: 21.955494ms
Longest duration: 689.150225ms
Total connections: 1100
Average duration: 93.645206ms
Shortest duration: 22.090168ms
Longest duration: 4.602052406s
Total connections: 1150
Average duration: 116.398756ms
Shortest duration: 21.969127ms
Longest duration: 4.554696942s
Total connections: 1200
Average duration: 142.856363ms
Shortest duration: 21.822343ms
Longest duration: 6.636506021s
Total connections: 1250
Average duration: 132.097879ms
Shortest duration: 21.908627ms
Longest duration: 6.323385967s
Total connections: 1300
Average duration: 158.178155ms
Shortest duration: 21.919592ms
Longest duration: 12.801963013s
Total connections: 1350
Average duration: 163.198662ms
Shortest duration: 21.915901ms
Longest duration: 5.175285035s
Total connections: 1400
Average duration: 179.113486ms
Shortest duration: 21.974364ms
Longest duration: 10.032163463s
Total connections: 1450
Average duration: 195.73381ms
Shortest duration: 21.937679ms
Longest duration: 18.81836344s
Total connections: 1500
Average duration: 196.067071ms
Shortest duration: 21.793621ms
Longest duration: 10.60586932s
Total connections: 1550
Average duration: 206.397629ms
Shortest duration: 21.885554ms
Longest duration: 21.035200231s
Total connections: 1598
Average duration: 207.577772ms
Shortest duration: 21.964284ms
Longest duration: 18.628607764s
Failed to receive echo: Custom { kind: TimedOut, error: ConnectionError { error: IdleTimerExpired { source: Location { file: "/Users/bacv/.cargo/registry/src/index.crates.io-6f17d22bba15001f/s2n-quic-transport-0.42.0/src/connection/connection_impl.rs", line: 1070, col: 24 } } } }
Total connections: 1649
Average duration: 213.783171ms
Shortest duration: 21.867382ms
Longest duration: 20.324777239s
Total connections: 1699
Average duration: 223.845772ms
Shortest duration: 21.871344ms
Longest duration: 20.806979954s
Failed to receive echo: Custom { kind: TimedOut, error: ConnectionError { error: IdleTimerExpired { source: Location { file: "/Users/bacv/.cargo/registry/src/index.crates.io-6f17d22bba15001f/s2n-quic-transport-0.42.0/src/connection/connection_impl.rs", line: 1070, col: 24 } } } }
Total connections: 1748
Average duration: 222.682564ms
Shortest duration: 21.979767ms
Longest duration: 20.714837651s
Failed to receive echo: Custom { kind: TimedOut, error: ConnectionError { error: IdleTimerExpired { source: Location { file: "/Users/bacv/.cargo/registry/src/index.crates.io-6f17d22bba15001f/s2n-quic-transport-0.42.0/src/connection/connection_impl.rs", line: 1070, col: 24 } } } }
Failed to receive echo: Custom { kind: TimedOut, error: ConnectionError { error: IdleTimerExpired { source: Location { file: "/Users/bacv/.cargo/registry/src/index.crates.io-6f17d22bba15001f/s2n-quic-transport-0.42.0/src/connection/connection_impl.rs", line: 1070, col: 24 } } } }
Total connections: 1796
Average duration: 230.455983ms
Shortest duration: 21.920633ms
Longest duration: 20.581284884s
Failed to receive echo: Custom { kind: TimedOut, error: ConnectionError { error: IdleTimerExpired { source: Location { file: "/Users/bacv/.cargo/registry/src/index.crates.io-6f17d22bba15001f/s2n-quic-transport-0.42.0/src/connection/connection_impl.rs", line: 1070, col: 24 } } } }
Total connections: 1845
Average duration: 239.174745ms
Shortest duration: 21.96941ms
Longest duration: 21.123133244s
Failed to receive echo: Custom { kind: TimedOut, error: ConnectionError { error: IdleTimerExpired { source: Location { file: "/Users/bacv/.cargo/registry/src/index.crates.io-6f17d22bba15001f/s2n-quic-transport-0.42.0/src/connection/connection_impl.rs", line: 1070, col: 24 } } } }
Total connections: 1894
Average duration: 253.782504ms
Shortest duration: 21.783953ms
Longest duration: 21.504482682s
Failed to receive echo: Custom { kind: TimedOut, error: ConnectionError { error: IdleTimerExpired { source: Location { file: "/Users/bacv/.cargo/registry/src/index.crates.io-6f17d22bba15001f/s2n-quic-transport-0.42.0/src/connection/connection_impl.rs", line: 1070, col: 24 } } } }
Total connections: 1942
Average duration: 244.930136ms
Shortest duration: 21.855075ms
Longest duration: 20.888778442s
Failed to receive echo: Custom { kind: TimedOut, error: ConnectionError { error: IdleTimerExpired { source: Location { file: "/Users/bacv/.cargo/registry/src/index.crates.io-6f17d22bba15001f/s2n-quic-transport-0.42.0/src/connection/connection_impl.rs", line: 1070, col: 24 } } } }
Total connections: 1992
Average duration: 251.450658ms
Shortest duration: 21.908127ms
Longest duration: 20.775567755s
