Total connections: 0
Average duration: 0ns
Shortest duration: 18446744073709551615s
Longest duration: 0ns
Total connections: 50
Average duration: 23.773549ms
Shortest duration: 21.153788ms
Longest duration: 26.451039ms
Total connections: 100
Average duration: 23.980266ms
Shortest duration: 21.181909ms
Longest duration: 27.254109ms
Total connections: 150
Average duration: 24.332781ms
Shortest duration: 21.194736ms
Longest duration: 28.485124ms
Total connections: 200
Average duration: 24.380335ms
Shortest duration: 21.12854ms
Longest duration: 27.879212ms
Total connections: 250
Average duration: 25.535679ms
Shortest duration: 21.127729ms
Longest duration: 72.801159ms
Total connections: 300
Average duration: 25.056785ms
Shortest duration: 21.195389ms
Longest duration: 73.972997ms
Total connections: 350
Average duration: 26.249906ms
Shortest duration: 21.085255ms
Longest duration: 148.842351ms
Total connections: 400
Average duration: 25.536072ms
Shortest duration: 21.137627ms
Longest duration: 31.858065ms
Total connections: 450
Average duration: 31.545614ms
Shortest duration: 21.366492ms
Longest duration: 169.934074ms
Total connections: 500
Average duration: 28.471698ms
Shortest duration: 21.206023ms
Longest duration: 80.13714ms
Total connections: 550
Average duration: 29.709507ms
Shortest duration: 21.164053ms
Longest duration: 39.673401ms
Total connections: 600
Average duration: 33.522181ms
Shortest duration: 21.035005ms
Longest duration: 165.235344ms
Total connections: 650
Average duration: 34.217173ms
Shortest duration: 21.300034ms
Longest duration: 48.550297ms
Total connections: 700
Average duration: 35.917428ms
Shortest duration: 21.131032ms
Longest duration: 52.390669ms
Total connections: 750
Average duration: 38.644835ms
Shortest duration: 21.440448ms
Longest duration: 58.303838ms
Total connections: 800
Average duration: 41.49156ms
Shortest duration: 21.410988ms
Longest duration: 133.458057ms
Total connections: 850
Average duration: 43.697112ms
Shortest duration: 21.414738ms
Longest duration: 181.914194ms
Total connections: 900
Average duration: 46.46987ms
Shortest duration: 21.50203ms
Longest duration: 150.489603ms
Total connections: 950
Average duration: 49.110242ms
Shortest duration: 21.233879ms
Longest duration: 163.627354ms
Total connections: 1000
Average duration: 48.68412ms
Shortest duration: 21.547774ms
Longest duration: 76.831443ms
Total connections: 1050
Average duration: 50.368462ms
Shortest duration: 21.220137ms
Longest duration: 180.508373ms
Total connections: 1100
Average duration: 55.620304ms
Shortest duration: 21.540876ms
Longest duration: 182.035824ms
Total connections: 1150
Average duration: 54.710236ms
Shortest duration: 21.577604ms
Longest duration: 296.403079ms
Total connections: 1200
Average duration: 60.919301ms
Shortest duration: 21.603369ms
Longest duration: 319.318407ms
Total connections: 1250
Average duration: 66.908382ms
Shortest duration: 21.515948ms
Longest duration: 274.171296ms
Total connections: 1300
Average duration: 72.812914ms
Shortest duration: 21.53278ms
Longest duration: 289.972297ms
Total connections: 1350
Average duration: 77.033314ms
Shortest duration: 21.288501ms
Longest duration: 282.197335ms
Total connections: 1400
Average duration: 88.471738ms
Shortest duration: 21.339977ms
Longest duration: 323.974269ms
Total connections: 1450
Average duration: 87.416352ms
Shortest duration: 21.516553ms
Longest duration: 320.688196ms
Total connections: 1500
Average duration: 89.131965ms
Shortest duration: 21.307962ms
Longest duration: 317.04903ms
Total connections: 1550
Average duration: 91.409292ms
Shortest duration: 21.475226ms
Longest duration: 328.188908ms
Total connections: 1600
Average duration: 93.183416ms
Shortest duration: 21.54241ms
Longest duration: 302.667794ms
Total connections: 1650
Average duration: 99.160732ms
Shortest duration: 21.31054ms
Longest duration: 324.826426ms
Total connections: 1700
Average duration: 102.001232ms
Shortest duration: 21.594545ms
Longest duration: 324.315938ms
Total connections: 1750
Average duration: 104.170544ms
Shortest duration: 21.759075ms
Longest duration: 328.418638ms
Total connections: 1800
Average duration: 106.99633ms
Shortest duration: 21.569986ms
Longest duration: 363.9256ms
Total connections: 1850
Average duration: 112.227978ms
Shortest duration: 21.765053ms
Longest duration: 347.446453ms
Total connections: 1900
Average duration: 110.873219ms
Shortest duration: 21.631074ms
Longest duration: 326.376379ms
Total connections: 1950
Average duration: 114.568124ms
Shortest duration: 21.442108ms
Longest duration: 355.880501ms
Total connections: 2000
Average duration: 119.942057ms
Shortest duration: 21.816338ms
Longest duration: 353.771438ms
Total connections: 2050
Average duration: 124.810304ms
Shortest duration: 21.627801ms
Longest duration: 350.359189ms
Total connections: 2100
Average duration: 117.3661ms
Shortest duration: 21.764503ms
Longest duration: 426.920563ms
Total connections: 2150
Average duration: 123.386465ms
Shortest duration: 21.514942ms
Longest duration: 358.577751ms
Total connections: 2200
Average duration: 127.095126ms
Shortest duration: 21.37549ms
Longest duration: 478.48096ms
Total connections: 2250
Average duration: 129.812365ms
Shortest duration: 21.478408ms
Longest duration: 628.776648ms
Total connections: 2300
Average duration: 126.619398ms
Shortest duration: 21.353456ms
Longest duration: 353.296921ms
Total connections: 2350
Average duration: 126.201649ms
Shortest duration: 21.327251ms
Longest duration: 361.095226ms
Total connections: 2400
Average duration: 131.014339ms
Shortest duration: 21.415865ms
Longest duration: 564.299426ms
Total connections: 2450
Average duration: 137.291843ms
Shortest duration: 21.460623ms
Longest duration: 486.328044ms
Total connections: 2500
Average duration: 136.425947ms
Shortest duration: 21.466833ms
Longest duration: 424.230027ms
Total connections: 2550
Average duration: 145.628475ms
Shortest duration: 21.386485ms
Longest duration: 667.175903ms
Total connections: 2600
Average duration: 155.440125ms
Shortest duration: 21.460574ms
Longest duration: 812.560732ms
Total connections: 2650
Average duration: 158.722435ms
Shortest duration: 21.302759ms
Longest duration: 716.117035ms
Total connections: 2700
Average duration: 142.84206ms
Shortest duration: 21.542306ms
Longest duration: 678.284167ms
Total connections: 2750
Average duration: 148.73795ms
Shortest duration: 21.315004ms
Longest duration: 646.852811ms
Total connections: 2800
Average duration: 150.131776ms
Shortest duration: 21.21435ms
Longest duration: 437.581892ms
Total connections: 2850
Average duration: 152.904937ms
Shortest duration: 21.548149ms
Longest duration: 600.173401ms
Total connections: 2900
Average duration: 154.032492ms
Shortest duration: 21.447303ms
Longest duration: 481.476755ms
Total connections: 2950
Average duration: 175.580764ms
Shortest duration: 21.53615ms
Longest duration: 657.015805ms
Total connections: 3000
Average duration: 170.803822ms
Shortest duration: 21.620844ms
Longest duration: 718.176094ms
Total connections: 3050
Average duration: 162.759144ms
Shortest duration: 21.739917ms
Longest duration: 671.831047ms
Total connections: 3100
Average duration: 167.641864ms
Shortest duration: 21.624689ms
Longest duration: 705.880602ms
Total connections: 3150
Average duration: 179.338857ms
Shortest duration: 21.540534ms
Longest duration: 709.560566ms
Total connections: 3200
Average duration: 191.717705ms
Shortest duration: 21.6316ms
Longest duration: 690.247002ms
Total connections: 3250
Average duration: 180.727279ms
Shortest duration: 21.77715ms
Longest duration: 728.658389ms
Total connections: 3300
Average duration: 176.274555ms
Shortest duration: 21.607846ms
Longest duration: 652.32458ms
Total connections: 3350
Average duration: 187.15058ms
Shortest duration: 21.513024ms
Longest duration: 665.346677ms
Total connections: 3400
Average duration: 185.377075ms
Shortest duration: 21.319628ms
Longest duration: 784.717896ms
Total connections: 3450
Average duration: 200.535112ms
Shortest duration: 21.306871ms
Longest duration: 741.586086ms
Total connections: 3500
Average duration: 198.585138ms
Shortest duration: 21.572728ms
Longest duration: 757.736253ms
Total connections: 3550
Average duration: 198.670153ms
Shortest duration: 21.654275ms
Longest duration: 718.745219ms
Total connections: 3600
Average duration: 207.38504ms
Shortest duration: 21.346158ms
Longest duration: 800.38923ms
Total connections: 3650
Average duration: 202.243153ms
Shortest duration: 21.556736ms
Longest duration: 672.551584ms
Total connections: 3699
Average duration: 211.946476ms
Shortest duration: 21.653972ms
Longest duration: 835.153522ms
Total connections: 3750
Average duration: 212.733062ms
Shortest duration: 21.222105ms
Longest duration: 772.181346ms
Total connections: 3800
Average duration: 230.46936ms
Shortest duration: 21.619292ms
Longest duration: 992.994029ms
Total connections: 3850
Average duration: 228.818528ms
Shortest duration: 21.460267ms
Longest duration: 1.387204918s
Total connections: 3900
Average duration: 214.047583ms
Shortest duration: 21.387131ms
Longest duration: 857.063939ms
Total connections: 3950
Average duration: 228.091059ms
Shortest duration: 21.644624ms
Longest duration: 743.820484ms
Total connections: 4000
Average duration: 226.701431ms
Shortest duration: 21.59641ms
Longest duration: 786.483083ms
Total connections: 4050
Average duration: 235.615016ms
Shortest duration: 21.499499ms
Longest duration: 717.402103ms
Total connections: 4098
Average duration: 225.458269ms
Shortest duration: 21.751768ms
Longest duration: 720.946727ms
Total connections: 4148
Average duration: 242.379837ms
Shortest duration: 21.448187ms
Longest duration: 757.240791ms
Total connections: 4200
Average duration: 238.057388ms
Shortest duration: 21.684529ms
Longest duration: 871.655952ms
Total connections: 4250
Average duration: 237.225421ms
Shortest duration: 21.450718ms
Longest duration: 991.624228ms
Total connections: 4300
Average duration: 248.716307ms
Shortest duration: 21.412158ms
Longest duration: 2.596867026s
Total connections: 4350
Average duration: 263.184689ms
Shortest duration: 21.562849ms
Longest duration: 5.016994936s
Total connections: 4400
Average duration: 282.307788ms
Shortest duration: 21.347846ms
Longest duration: 5.68824196s
Total connections: 4448
Average duration: 264.29842ms
Shortest duration: 21.385264ms
Longest duration: 5.364855543s
Total connections: 4499
Average duration: 256.582124ms
Shortest duration: 21.414877ms
Longest duration: 10.397119497s
Total connections: 4550
Average duration: 249.180744ms
Shortest duration: 21.835512ms
Longest duration: 804.620492ms
Total connections: 4600
Average duration: 272.04845ms
Shortest duration: 21.669286ms
Longest duration: 1.394794437s
Total connections: 4650
Average duration: 269.426653ms
Shortest duration: 21.296319ms
Longest duration: 4.618471647s
Total connections: 4700
Average duration: 279.376833ms
Shortest duration: 21.257245ms
Longest duration: 4.607697619s
Total connections: 4750
Average duration: 276.932129ms
Shortest duration: 21.40336ms
Longest duration: 1.174116095s
Total connections: 4798
Average duration: 301.878171ms
Shortest duration: 21.656679ms
Longest duration: 1.210461944s
Total connections: 4848
Average duration: 289.536521ms
Shortest duration: 21.415567ms
Longest duration: 2.21746725s
The connection was closed because the handshake took longer than the max handshake duration of 10s
Total connections: 4899
Average duration: 285.486089ms
Shortest duration: 21.331603ms
Longest duration: 4.635618607s
Total connections: 4949
Average duration: 307.157863ms
Shortest duration: 21.352214ms
Longest duration: 1.683422297s
Total connections: 4999
Average duration: 303.54498ms
Shortest duration: 21.743469ms
Longest duration: 2.816680933s
Total connections: 5049
Average duration: 297.55915ms
Shortest duration: 21.559432ms
Longest duration: 2.638425802s
Total connections: 5099
Average duration: 298.052351ms
Shortest duration: 21.080541ms
Longest duration: 6.446576871s
Total connections: 5149
Average duration: 311.081919ms
Shortest duration: 21.314557ms
Longest duration: 10.572290022s
Total connections: 5199
Average duration: 319.604623ms
Shortest duration: 21.272345ms
Longest duration: 4.678499842s
Total connections: 5249
Average duration: 296.568973ms
Shortest duration: 21.528953ms
Longest duration: 4.788362394s
Total connections: 5299
Average duration: 306.336577ms
Shortest duration: 21.264796ms
Longest duration: 4.785043518s
Total connections: 5349
Average duration: 348.203504ms
Shortest duration: 21.165056ms
Longest duration: 10.56812886s
Total connections: 5397
Average duration: 330.094835ms
Shortest duration: 21.099956ms
Longest duration: 11.065113548s
Total connections: 5448
Average duration: 342.260944ms
Shortest duration: 21.264419ms
Longest duration: 18.603959022s
The connection was closed because the handshake took longer than the max handshake duration of 10s
Total connections: 5498
Average duration: 317.018522ms
Shortest duration: 21.249184ms
Longest duration: 20.473190607s
Total connections: 5548
Average duration: 364.545206ms
Shortest duration: 21.310936ms
Longest duration: 16.699295666s
Total connections: 5596
Average duration: 358.846174ms
Shortest duration: 21.115432ms
Longest duration: 24.689213925s
Total connections: 5644
Average duration: 375.990328ms
Shortest duration: 21.352768ms
Longest duration: 13.183714822s
The connection was closed because the handshake took longer than the max handshake duration of 10s
Total connections: 5697
Average duration: 341.677018ms
Shortest duration: 21.142728ms
Longest duration: 19.140456434s
Total connections: 5747
Average duration: 343.084221ms
Shortest duration: 21.468344ms
Longest duration: 21.44242733s
Total connections: 5797
Average duration: 339.938256ms
Shortest duration: 21.511442ms
Longest duration: 5.22580617s
Total connections: 5847
Average duration: 341.852876ms
Shortest duration: 21.576178ms
Longest duration: 2.709708204s
Total connections: 5897
Average duration: 334.289707ms
Shortest duration: 21.734817ms
Longest duration: 2.343412474s
Total connections: 5947
Average duration: 339.668323ms
Shortest duration: 21.424478ms
Longest duration: 2.975763442s
Total connections: 5995
Average duration: 344.169817ms
Shortest duration: 21.512169ms
Longest duration: 5.652377705s
Total connections: 6047
Average duration: 390.77878ms
Shortest duration: 21.090529ms
Longest duration: 5.563439573s
Total connections: 6097
Average duration: 356.264876ms
Shortest duration: 21.23674ms
Longest duration: 10.826359088s
Total connections: 6147
Average duration: 385.369765ms
Shortest duration: 21.277396ms
Longest duration: 10.795562916s
Total connections: 6197
Average duration: 398.984272ms
Shortest duration: 21.357102ms
Longest duration: 10.860553021s
Total connections: 6247
Average duration: 442.762176ms
Shortest duration: 21.248009ms
Longest duration: 10.990134196s
Total connections: 6267
Average duration: 451.406897ms
Shortest duration: 21.284973ms
Longest duration: 21.432498655s
Total connections: 6267
Average duration: 16.440658533s
Shortest duration: 16.440658533s
Longest duration: 16.440658533s
Total connections: 6267
Average duration: 16.442399389s
Shortest duration: 16.428274391s
Longest duration: 16.456524388s
Failed to receive echo: Custom { kind: TimedOut, error: ConnectionError { error: IdleTimerExpired { source: Location { file: "/Users/bacv/.cargo/registry/src/index.crates.io-6f17d22bba15001f/s2n-quic-transport-0.42.0/src/connection/connection_impl.rs", line: 1070, col: 24 } } } }
Failed to receive echo: Custom { kind: TimedOut, error: ConnectionError { error: IdleTimerExpired { source: Location { file: "/Users/bacv/.cargo/registry/src/index.crates.io-6f17d22bba15001f/s2n-quic-transport-0.42.0/src/connection/connection_impl.rs", line: 1070, col: 24 } } } }
Total connections: 6349
Average duration: 8.414245093s
Shortest duration: 24.762763ms
Longest duration: 29.927001164s
Failed to receive echo: Custom { kind: TimedOut, error: ConnectionError { error: IdleTimerExpired { source: Location { file: "/Users/bacv/.cargo/registry/src/index.crates.io-6f17d22bba15001f/s2n-quic-transport-0.42.0/src/connection/connection_impl.rs", line: 1070, col: 24 } } } }
Total connections: 6467
Average duration: 2.116375686s
Shortest duration: 22.295534ms
Longest duration: 35.463601784s
Failed to receive echo: Custom { kind: TimedOut, error: ConnectionError { error: IdleTimerExpired { source: Location { file: "/Users/bacv/.cargo/registry/src/index.crates.io-6f17d22bba15001f/s2n-quic-transport-0.42.0/src/connection/connection_impl.rs", line: 1070, col: 24 } } } }
Failed to receive echo: Custom { kind: TimedOut, error: ConnectionError { error: IdleTimerExpired { source: Location { file: "/Users/bacv/.cargo/registry/src/index.crates.io-6f17d22bba15001f/s2n-quic-transport-0.42.0/src/connection/connection_impl.rs", line: 1070, col: 24 } } } }
The connection was closed because the handshake took longer than the max handshake duration of 10s
The connection was closed because the handshake took longer than the max handshake duration of 10s
The connection was closed because the handshake took longer than the max handshake duration of 10s
The connection was closed because the handshake took longer than the max handshake duration of 10s
The connection was closed because the handshake took longer than the max handshake duration of 10s
The connection was closed because the handshake took longer than the max handshake duration of 10s
The connection was closed because the handshake took longer than the max handshake duration of 10s
The connection was closed because the handshake took longer than the max handshake duration of 10s
The connection was closed because the handshake took longer than the max handshake duration of 10s
Failed to receive echo: Custom { kind: TimedOut, error: ConnectionError { error: IdleTimerExpired { source: Location { file: "/Users/bacv/.cargo/registry/src/index.crates.io-6f17d22bba15001f/s2n-quic-transport-0.42.0/src/connection/connection_impl.rs", line: 1070, col: 24 } } } }
Total connections: 6530
Average duration: 973.173804ms
Shortest duration: 22.703797ms
Longest duration: 36.226268955s
Failed to receive echo: Custom { kind: TimedOut, error: ConnectionError { error: IdleTimerExpired { source: Location { file: "/Users/bacv/.cargo/registry/src/index.crates.io-6f17d22bba15001f/s2n-quic-transport-0.42.0/src/connection/connection_impl.rs", line: 1070, col: 24 } } } }
Failed to receive echo: Custom { kind: TimedOut, error: ConnectionError { error: IdleTimerExpired { source: Location { file: "/Users/bacv/.cargo/registry/src/index.crates.io-6f17d22bba15001f/s2n-quic-transport-0.42.0/src/connection/connection_impl.rs", line: 1070, col: 24 } } } }
Failed to receive echo: Custom { kind: TimedOut, error: ConnectionError { error: IdleTimerExpired { source: Location { file: "/Users/bacv/.cargo/registry/src/index.crates.io-6f17d22bba15001f/s2n-quic-transport-0.42.0/src/connection/connection_impl.rs", line: 1070, col: 24 } } } }
The connection was closed because the handshake took longer than the max handshake duration of 10s
The connection was closed because the handshake took longer than the max handshake duration of 10s
Total connections: 6563
Average duration: 1.381115348s
Shortest duration: 27.750684ms
Longest duration: 37.231832602s
Total connections: 6563
Average duration: 1.67262482s
Shortest duration: 682.298338ms
Longest duration: 34.025698721s
