Total connections: 0
Average duration: 0ns
Shortest duration: 18446744073709551615s
Longest duration: 0ns
Total connections: 50
Average duration: 54.628963ms
Shortest duration: 45.27975ms
Longest duration: 70.318583ms
Total connections: 100
Average duration: 88.201065ms
Shortest duration: 42.668041ms
Longest duration: 280.179084ms
Total connections: 150
Average duration: 75.13711ms
Shortest duration: 44.219959ms
Longest duration: 228.160084ms
Total connections: 200
Average duration: 76.340243ms
Shortest duration: 40.511375ms
Longest duration: 155.147625ms
Total connections: 250
Average duration: 87.650147ms
Shortest duration: 43.361667ms
Longest duration: 231.819541ms
Total connections: 300
Average duration: 90.549299ms
Shortest duration: 47.235541ms
Longest duration: 213.084041ms
Total connections: 350
Average duration: 100.768136ms
Shortest duration: 47.8845ms
Longest duration: 193.562875ms
Total connections: 400
Average duration: 127.780639ms
Shortest duration: 53.43725ms
Longest duration: 390.076708ms
Total connections: 450
Average duration: 140.815148ms
Shortest duration: 59.427958ms
Longest duration: 439.548291ms
Total connections: 500
Average duration: 133.795329ms
Shortest duration: 48.856542ms
Longest duration: 349.395459ms
Total connections: 502
Average duration: 221.099444ms
Shortest duration: 48.21625ms
Longest duration: 975.328542ms
Total connections: 502
Average duration: 182.998666ms
Shortest duration: 40.589709ms
Longest duration: 899.683292ms
The connection was closed because the handshake took longer than the max handshake duration of 10s
The connection was closed because the handshake took longer than the max handshake duration of 10s
The connection was closed because the handshake took longer than the max handshake duration of 10s
The connection was closed because the handshake took longer than the max handshake duration of 10s
The connection was closed because the handshake took longer than the max handshake duration of 10s
The connection was closed because the handshake took longer than the max handshake duration of 10s
The connection was closed because the handshake took longer than the max handshake duration of 10s
The connection was closed because the handshake took longer than the max handshake duration of 10s
The connection was closed because the handshake took longer than the max handshake duration of 10s
The connection was closed because the handshake took longer than the max handshake duration of 10s
The connection was closed because the handshake took longer than the max handshake duration of 10s
The connection was closed because the handshake took longer than the max handshake duration of 10s
The connection was closed because the handshake took longer than the max handshake duration of 10s
The connection was closed because the handshake took longer than the max handshake duration of 10s
The connection was closed because the handshake took longer than the max handshake duration of 10s
The connection was closed because the handshake took longer than the max handshake duration of 10s
The connection was closed because the handshake took longer than the max handshake duration of 10s
The connection was closed because the handshake took longer than the max handshake duration of 10s
The connection was closed because the handshake took longer than the max handshake duration of 10s
The connection was closed because the handshake took longer than the max handshake duration of 10s
The connection was closed because the handshake took longer than the max handshake duration of 10s
The connection was closed because the handshake took longer than the max handshake duration of 10s
The connection was closed because the handshake took longer than the max handshake duration of 10s
The connection was closed because the handshake took longer than the max handshake duration of 10s
The connection was closed because the handshake took longer than the max handshake duration of 10s
The connection was closed because the handshake took longer than the max handshake duration of 10s
The connection was closed because the handshake took longer than the max handshake duration of 10s
The connection was closed because the handshake took longer than the max handshake duration of 10s
The connection was closed because the handshake took longer than the max handshake duration of 10s
The connection was closed because the handshake took longer than the max handshake duration of 10s
The connection was closed because the handshake took longer than the max handshake duration of 10s
The connection was closed because the handshake took longer than the max handshake duration of 10s
The connection was closed because the handshake took longer than the max handshake duration of 10s
The connection was closed because the handshake took longer than the max handshake duration of 10s
The connection was closed because the handshake took longer than the max handshake duration of 10s
The connection was closed because the handshake took longer than the max handshake duration of 10s
The connection was closed because the handshake took longer than the max handshake duration of 10s
The connection was closed because the handshake took longer than the max handshake duration of 10s
The connection was closed because the handshake took longer than the max handshake duration of 10s
The connection was closed because the handshake took longer than the max handshake duration of 10s
The connection was closed because the handshake took longer than the max handshake duration of 10s
The connection was closed because the handshake took longer than the max handshake duration of 10s
The connection was closed because the handshake took longer than the max handshake duration of 10s
The connection was closed because the handshake took longer than the max handshake duration of 10s
The connection was closed because the handshake took longer than the max handshake duration of 10s
The connection was closed because the handshake took longer than the max handshake duration of 10s
The connection was closed because the handshake took longer than the max handshake duration of 10s
The connection was closed because the handshake took longer than the max handshake duration of 10s
Total connections: 502
Average duration: 144.962928ms
Shortest duration: 39.645875ms
Longest duration: 623.030917ms
The connection was closed because the handshake took longer than the max handshake duration of 10s
The connection was closed because the handshake took longer than the max handshake duration of 10s
The connection was closed because the handshake took longer than the max handshake duration of 10s
The connection was closed because the handshake took longer than the max handshake duration of 10s
The connection was closed because the handshake took longer than the max handshake duration of 10s
The connection was closed because the handshake took longer than the max handshake duration of 10s
The connection was closed because the handshake took longer than the max handshake duration of 10s
The connection was closed because the handshake took longer than the max handshake duration of 10s
The connection was closed because the handshake took longer than the max handshake duration of 10s
The connection was closed because the handshake took longer than the max handshake duration of 10s
The connection was closed because the handshake took longer than the max handshake duration of 10s
The connection was closed because the handshake took longer than the max handshake duration of 10s
The connection was closed because the handshake took longer than the max handshake duration of 10s
The connection was closed because the handshake took longer than the max handshake duration of 10s
The connection was closed because the handshake took longer than the max handshake duration of 10s
The connection was closed because the handshake took longer than the max handshake duration of 10s
The connection was closed because the handshake took longer than the max handshake duration of 10s
The connection was closed because the handshake took longer than the max handshake duration of 10s
The connection was closed because the handshake took longer than the max handshake duration of 10s
The connection was closed because the handshake took longer than the max handshake duration of 10s
The connection was closed because the handshake took longer than the max handshake duration of 10s
The connection was closed because the handshake took longer than the max handshake duration of 10s
The connection was closed because the handshake took longer than the max handshake duration of 10s
The connection was closed because the handshake took longer than the max handshake duration of 10s
The connection was closed because the handshake took longer than the max handshake duration of 10s
The connection was closed because the handshake took longer than the max handshake duration of 10s
The connection was closed because the handshake took longer than the max handshake duration of 10s
The connection was closed because the handshake took longer than the max handshake duration of 10s
The connection was closed because the handshake took longer than the max handshake duration of 10s
The connection was closed because the handshake took longer than the max handshake duration of 10s
The connection was closed because the handshake took longer than the max handshake duration of 10s
The connection was closed because the handshake took longer than the max handshake duration of 10s
The connection was closed because the handshake took longer than the max handshake duration of 10s
The connection was closed because the handshake took longer than the max handshake duration of 10s
The connection was closed because the handshake took longer than the max handshake duration of 10s
The connection was closed because the handshake took longer than the max handshake duration of 10s
The connection was closed because the handshake took longer than the max handshake duration of 10s
The connection was closed because the handshake took longer than the max handshake duration of 10s
The connection was closed because the handshake took longer than the max handshake duration of 10s
The connection was closed because the handshake took longer than the max handshake duration of 10s
The connection was closed because the handshake took longer than the max handshake duration of 10s
The connection was closed because the handshake took longer than the max handshake duration of 10s
The connection was closed because the handshake took longer than the max handshake duration of 10s
The connection was closed because the handshake took longer than the max handshake duration of 10s
The connection was closed because the handshake took longer than the max handshake duration of 10s
The connection was closed because the handshake took longer than the max handshake duration of 10s
The connection was closed because the handshake took longer than the max handshake duration of 10s
The connection was closed because the handshake took longer than the max handshake duration of 10s
The connection was closed because the handshake took longer than the max handshake duration of 10s
The connection was closed because the handshake took longer than the max handshake duration of 10s
Total connections: 502
Average duration: 141.029685ms
Shortest duration: 50.066667ms
Longest duration: 583.585041ms
The connection was closed because the handshake took longer than the max handshake duration of 10s
The connection was closed because the handshake took longer than the max handshake duration of 10s
The connection was closed because the handshake took longer than the max handshake duration of 10s
The connection was closed because the handshake took longer than the max handshake duration of 10s
The connection was closed because the handshake took longer than the max handshake duration of 10s
The connection was closed because the handshake took longer than the max handshake duration of 10s
The connection was closed because the handshake took longer than the max handshake duration of 10s
The connection was closed because the handshake took longer than the max handshake duration of 10s
The connection was closed because the handshake took longer than the max handshake duration of 10s
The connection was closed because the handshake took longer than the max handshake duration of 10s
The connection was closed because the handshake took longer than the max handshake duration of 10s
The connection was closed because the handshake took longer than the max handshake duration of 10s
The connection was closed because the handshake took longer than the max handshake duration of 10s
The connection was closed because the handshake took longer than the max handshake duration of 10s
The connection was closed because the handshake took longer than the max handshake duration of 10s
The connection was closed because the handshake took longer than the max handshake duration of 10s
The connection was closed because the handshake took longer than the max handshake duration of 10s
The connection was closed because the handshake took longer than the max handshake duration of 10s
The connection was closed because the handshake took longer than the max handshake duration of 10s
The connection was closed because the handshake took longer than the max handshake duration of 10s
The connection was closed because the handshake took longer than the max handshake duration of 10s
The connection was closed because the handshake took longer than the max handshake duration of 10s
The connection was closed because the handshake took longer than the max handshake duration of 10s
The connection was closed because the handshake took longer than the max handshake duration of 10s
The connection was closed because the handshake took longer than the max handshake duration of 10s
The connection was closed because the handshake took longer than the max handshake duration of 10s
The connection was closed because the handshake took longer than the max handshake duration of 10s
The connection was closed because the handshake took longer than the max handshake duration of 10s
The connection was closed because the handshake took longer than the max handshake duration of 10s
The connection was closed because the handshake took longer than the max handshake duration of 10s
The connection was closed because the handshake took longer than the max handshake duration of 10s
The connection was closed because the handshake took longer than the max handshake duration of 10s
The connection was closed because the handshake took longer than the max handshake duration of 10s
The connection was closed because the handshake took longer than the max handshake duration of 10s
The connection was closed because the handshake took longer than the max handshake duration of 10s
The connection was closed because the handshake took longer than the max handshake duration of 10s
The connection was closed because the handshake took longer than the max handshake duration of 10s
The connection was closed because the handshake took longer than the max handshake duration of 10s
The connection was closed because the handshake took longer than the max handshake duration of 10s
The connection was closed because the handshake took longer than the max handshake duration of 10s
